<?xml version="1.0" encoding="UTF-8"?>
<testng-results skipped="0" failed="0" ignored="0" total="1" passed="1">
  <reporter-output>
  </reporter-output>
  <suite name="Default suite" duration-ms="15634" started-at="2020-12-24T18:10:50Z" finished-at="2020-12-24T18:11:06Z">
    <groups>
    </groups>
    <test name="Default test" duration-ms="15634" started-at="2020-12-24T18:10:50Z" finished-at="2020-12-24T18:11:06Z">
      <class name="com.visionit.internetBanking.testcases.LoginTest">
        <test-method status="PASS" signature="setupSuite()[pri:0, instance:com.visionit.internetBanking.testcases.LoginTest@29774679]" name="setupSuite" is-config="true" duration-ms="15" started-at="2020-12-24T18:10:50Z" finished-at="2020-12-24T18:10:50Z">
          <reporter-output>
          </reporter-output>
        </test-method> <!-- setupSuite -->
        <test-method status="PASS" signature="setUp(java.lang.String)[pri:0, instance:com.visionit.internetBanking.testcases.LoginTest@29774679]" name="setUp" is-config="true" duration-ms="11675" started-at="2020-12-24T18:10:50Z" finished-at="2020-12-24T18:11:02Z">
          <params>
            <param index="0">
              <value>
                <![CDATA[Chrome]]>
              </value>
            </param>
          </params>
          <reporter-output>
          </reporter-output>
        </test-method> <!-- setUp -->
        <test-method status="PASS" signature="LoginInternetBankingPageTest()[pri:0, instance:com.visionit.internetBanking.testcases.LoginTest@29774679]" name="LoginInternetBankingPageTest" duration-ms="2713" started-at="2020-12-24T18:11:02Z" finished-at="2020-12-24T18:11:05Z">
          <reporter-output>
          </reporter-output>
        </test-method> <!-- LoginInternetBankingPageTest -->
        <test-method status="PASS" signature="tearDown()[pri:0, instance:com.visionit.internetBanking.testcases.LoginTest@29774679]" name="tearDown" is-config="true" duration-ms="1222" started-at="2020-12-24T18:11:05Z" finished-at="2020-12-24T18:11:06Z">
          <reporter-output>
          </reporter-output>
        </test-method> <!-- tearDown -->
      </class> <!-- com.visionit.internetBanking.testcases.LoginTest -->
    </test> <!-- Default test -->
  </suite> <!-- Default suite -->
</testng-results>
